<?xml version="1.0" encoding="utf-8"?><testsuites><testsuite name="pytest" errors="0" failures="0" skipped="0" tests="233" time="83.628" timestamp="2026-01-15T10:39:56.356584" hostname="bozzyk44-pc"><testcase classname="tests.unit.test_buffer.TestDatabaseInitialization" name="test_init_buffer_db_creates_tables" time="0.003" /><testcase classname="tests.unit.test_buffer.TestDatabaseInitialization" name="test_init_buffer_db_pragma_settings" time="0.002" /><testcase classname="tests.unit.test_buffer.TestDatabaseInitialization" name="test_init_buffer_db_default_config" time="0.002" /><testcase classname="tests.unit.test_buffer.TestInsertReceipt" name="test_insert_receipt_success" time="0.003" /><testcase classname="tests.unit.test_buffer.TestInsertReceipt" name="test_insert_receipt_generates_uuid" time="0.002" /><testcase classname="tests.unit.test_buffer.TestInsertReceipt" name="test_insert_receipt_assigns_hlc" time="0.003" /><testcase classname="tests.unit.test_buffer.TestInsertReceipt" name="test_insert_receipt_capacity_check" time="0.018" /><testcase classname="tests.unit.test_buffer.TestGetPendingReceipts" name="test_get_pending_receipts_empty" time="0.003" /><testcase classname="tests.unit.test_buffer.TestGetPendingReceipts" name="test_get_pending_receipts_limit" time="0.003" /><testcase classname="tests.unit.test_buffer.TestGetPendingReceipts" name="test_get_pending_receipts_hlc_ordering" time="0.056" /><testcase classname="tests.unit.test_buffer.TestGetPendingReceipts" name="test_get_pending_receipts_excludes_synced" time="0.003" /><testcase classname="tests.unit.test_buffer.TestMarkSynced" name="test_mark_synced_success" time="0.003" /><testcase classname="tests.unit.test_buffer.TestMarkSynced" name="test_mark_synced_assigns_server_time" time="0.003" /><testcase classname="tests.unit.test_buffer.TestMarkSynced" name="test_mark_synced_receipt_not_found" time="0.003" /><testcase classname="tests.unit.test_buffer.TestMoveToDLQ" name="test_move_to_dlq_success" time="0.004" /><testcase classname="tests.unit.test_buffer.TestMoveToDLQ" name="test_move_to_dlq_status_changed" time="0.003" /><testcase classname="tests.unit.test_buffer.TestMoveToDLQ" name="test_move_to_dlq_event_logged" time="0.003" /><testcase classname="tests.unit.test_buffer.TestMoveToDLQ" name="test_move_to_dlq_receipt_not_found" time="0.003" /><testcase classname="tests.unit.test_buffer.TestBufferStatus" name="test_get_buffer_status_empty" time="0.003" /><testcase classname="tests.unit.test_buffer.TestBufferStatus" name="test_get_buffer_status_with_receipts" time="0.004" /><testcase classname="tests.unit.test_buffer.TestBufferStatus" name="test_get_buffer_status_percent_full" time="0.010" /><testcase classname="tests.unit.test_buffer.TestHelperFunctions" name="test_update_receipt_status" time="0.003" /><testcase classname="tests.unit.test_buffer.TestHelperFunctions" name="test_increment_retry_count" time="0.003" /><testcase classname="tests.unit.test_buffer.TestHelperFunctions" name="test_get_receipt_by_id_found" time="0.002" /><testcase classname="tests.unit.test_buffer.TestHelperFunctions" name="test_get_receipt_by_id_not_found" time="0.003" /><testcase classname="tests.unit.test_buffer.TestThreadSafety" name="test_concurrent_inserts" time="0.008" /><testcase classname="tests.unit.test_buffer.TestThreadSafety" name="test_concurrent_updates" time="0.006" /><testcase classname="tests.unit.test_buffer.TestEdgeCases" name="test_insert_receipt_missing_fields" time="0.002" /><testcase classname="tests.unit.test_buffer.TestEdgeCases" name="test_update_invalid_status" time="0.003" /><testcase classname="tests.unit.test_buffer.TestEdgeCases" name="test_receipt_to_dict" time="0.003" /><testcase classname="tests.unit.test_circuit_breaker.TestCircuitBreakerStates" name="test_initial_state_is_closed" time="0.001" /><testcase classname="tests.unit.test_circuit_breaker.TestCircuitBreakerStates" name="test_state_opens_after_failures" time="0.303" /><testcase classname="tests.unit.test_circuit_breaker.TestCircuitBreakerStates" name="test_state_half_open_after_timeout" time="2.904" /><testcase classname="tests.unit.test_circuit_breaker.TestCircuitBreakerStates" name="test_state_stays_closed_on_success" time="1.004" /><testcase classname="tests.unit.test_circuit_breaker.TestCircuitBreakerTransitions" name="test_closed_to_open_transition" time="0.302" /><testcase classname="tests.unit.test_circuit_breaker.TestCircuitBreakerTransitions" name="test_open_to_half_open_transition" time="2.903" /><testcase classname="tests.unit.test_circuit_breaker.TestCircuitBreakerTransitions" name="test_half_open_to_closed_on_success" time="2.903" /><testcase classname="tests.unit.test_circuit_breaker.TestCircuitBreakerTransitions" name="test_half_open_to_open_on_failure" time="2.904" /><testcase classname="tests.unit.test_circuit_breaker.TestCircuitBreakerMetrics" name="test_failure_count_increments" time="0.202" /><testcase classname="tests.unit.test_circuit_breaker.TestCircuitBreakerMetrics" name="test_success_count_increments" time="0.503" /><testcase classname="tests.unit.test_circuit_breaker.TestCircuitBreakerMetrics" name="test_last_failure_time_recorded" time="0.101" /><testcase classname="tests.unit.test_circuit_breaker.TestCircuitBreakerBehavior" name="test_open_circuit_fails_fast" time="0.303" /><testcase classname="tests.unit.test_circuit_breaker.TestCircuitBreakerBehavior" name="test_reset_clears_state" time="0.302" /><testcase classname="tests.unit.test_circuit_breaker.TestGlobalInstance" name="test_get_circuit_breaker_returns_singleton" time="0.000" /><testcase classname="tests.unit.test_circuit_breaker.TestGlobalInstance" name="test_reset_circuit_breaker_clears_global" time="0.000" /><testcase classname="tests.unit.test_circuit_breaker.TestEdgeCases" name="test_circuit_breaker_with_non_exception_return" time="0.000" /><testcase classname="tests.unit.test_circuit_breaker.TestEdgeCases" name="test_circuit_breaker_with_custom_exception" time="0.001" /><testcase classname="tests.unit.test_circuit_breaker.TestEdgeCases" name="test_mixed_success_and_failure" time="0.302" /><testcase classname="tests.unit.test_fastapi_endpoints.TestCreateReceipt" name="test_create_receipt_success" time="0.359" /><testcase classname="tests.unit.test_fastapi_endpoints.TestCreateReceipt" name="test_create_receipt_missing_idempotency_key" time="0.030" /><testcase classname="tests.unit.test_fastapi_endpoints.TestCreateReceipt" name="test_create_receipt_invalid_type" time="0.005" /><testcase classname="tests.unit.test_fastapi_endpoints.TestCreateReceipt" name="test_create_receipt_empty_items" time="0.006" /><testcase classname="tests.unit.test_fastapi_endpoints.TestCreateReceipt" name="test_create_receipt_invalid_total" time="0.005" /><testcase classname="tests.unit.test_fastapi_endpoints.TestCreateReceipt" name="test_create_receipt_payment_mismatch" time="0.005" /><testcase classname="tests.unit.test_fastapi_endpoints.TestCreateReceipt" name="test_create_receipt_negative_price" time="0.005" /><testcase classname="tests.unit.test_fastapi_endpoints.TestCreateReceipt" name="test_create_receipt_multiple_payments" time="0.358" /><testcase classname="tests.unit.test_fastapi_endpoints.TestCreateReceipt" name="test_create_receipt_multiple_items" time="0.393" /><testcase classname="tests.unit.test_fastapi_endpoints.TestBufferStatus" name="test_buffer_status_empty" time="0.004" /><testcase classname="tests.unit.test_fastapi_endpoints.TestBufferStatus" name="test_buffer_status_with_receipts" time="0.394" /><testcase classname="tests.unit.test_fastapi_endpoints.TestBufferStatus" name="test_buffer_status_network_detection" time="0.006" /><testcase classname="tests.unit.test_fastapi_endpoints.TestHealthCheck" name="test_health_check_healthy" time="0.004" /><testcase classname="tests.unit.test_fastapi_endpoints.TestHealthCheck" name="test_health_check_components" time="0.005" /><testcase classname="tests.unit.test_fastapi_endpoints.TestHealthCheck" name="test_health_check_version" time="0.004" /><testcase classname="tests.unit.test_fastapi_endpoints.TestRootEndpoint" name="test_root_endpoint" time="0.004" /><testcase classname="tests.unit.test_fastapi_endpoints.TestIdempotency" name="test_idempotency_different_keys" time="0.591" /><testcase classname="tests.unit.test_fastapi_endpoints.TestIdempotency" name="test_idempotency_same_key_creates_duplicate" time="0.643" /><testcase classname="tests.unit.test_fastapi_endpoints.TestErrorHandling" name="test_malformed_json" time="0.005" /><testcase classname="tests.unit.test_fastapi_endpoints.TestErrorHandling" name="test_missing_required_fields" time="0.005" /><testcase classname="tests.unit.test_fastapi_endpoints.TestErrorHandling" name="test_invalid_vat_rate" time="0.005" /><testcase classname="tests.unit.test_fastapi_endpoints.TestErrorHandling" name="test_nonexistent_endpoint" time="0.005" /><testcase classname="tests.unit.test_fiscal.TestProcessFiscalReceipt" name="test_process_success" time="0.536" /><testcase classname="tests.unit.test_fiscal.TestProcessFiscalReceipt" name="test_process_creates_buffer_entry" time="0.488" /><testcase classname="tests.unit.test_fiscal.TestProcessFiscalReceipt" name="test_process_updates_buffer_with_fiscal_doc" time="0.321" /><testcase classname="tests.unit.test_fiscal.TestProcessFiscalReceipt" name="test_process_multiple_receipts" time="2.163" /><testcase classname="tests.unit.test_fiscal.TestProcessFiscalReceipt" name="test_process_invalid_receipt_missing_fiscal_doc" time="0.079" /><testcase classname="tests.unit.test_fiscal.TestProcessFiscalReceipt" name="test_process_invalid_receipt_empty_items" time="0.066" /><testcase classname="tests.unit.test_fiscal.TestProcessFiscalReceipt" name="test_process_invalid_receipt_empty_payments" time="0.121" /><testcase classname="tests.unit.test_fiscal.TestGetFiscalStatus" name="test_get_status_for_printed_receipt" time="0.644" /><testcase classname="tests.unit.test_fiscal.TestGetFiscalStatus" name="test_get_status_nonexistent_receipt" time="0.066" /><testcase classname="tests.unit.test_fiscal.TestGetFiscalStatus" name="test_get_status_includes_fiscal_doc" time="0.576" /><testcase classname="tests.unit.test_fiscal.TestGetPhase2Health" name="test_get_phase2_health_initial_state" time="0.100" /><testcase classname="tests.unit.test_fiscal.TestGetPhase2Health" name="test_get_phase2_health_with_pending_receipts" time="0.044" /><testcase classname="tests.unit.test_fiscal.TestGetPhase2Health" name="test_get_phase2_health_circuit_breaker_state" time="0.066" /><testcase classname="tests.unit.test_fiscal.TestDataClasses" name="test_fiscal_result_creation" time="0.000" /><testcase classname="tests.unit.test_fiscal.TestDataClasses" name="test_fiscal_status_creation" time="0.000" /><testcase classname="tests.unit.test_fiscal.TestDataClasses" name="test_phase2_health_creation" time="0.001" /><testcase classname="tests.unit.test_fiscal.TestEdgeCases" name="test_process_with_special_characters" time="0.462" /><testcase classname="tests.unit.test_fiscal.TestEdgeCases" name="test_process_with_large_amounts" time="0.577" /><testcase classname="tests.unit.test_fiscal.TestEdgeCases" name="test_process_with_zero_amount" time="0.577" /><testcase classname="tests.unit.test_heartbeat.TestBuildPayload" name="test_payload_structure" time="0.022" /><testcase classname="tests.unit.test_heartbeat.TestBuildPayload" name="test_payload_timestamp_format" time="0.020" /><testcase classname="tests.unit.test_heartbeat.TestBuildPayload" name="test_payload_adapter_id" time="0.043" /><testcase classname="tests.unit.test_heartbeat.TestBuildPayload" name="test_payload_buffer_status_fields" time="0.078" /><testcase classname="tests.unit.test_heartbeat.TestBuildPayload" name="test_payload_circuit_breaker_fields" time="0.031" /><testcase classname="tests.unit.test_heartbeat.TestBuildPayload" name="test_payload_buffer_values" time="0.024" /><testcase classname="tests.unit.test_heartbeat.TestBuildPayload" name="test_payload_circuit_breaker_initial_state" time="0.030" /><testcase classname="tests.unit.test_heartbeat.TestHysteresis" name="test_initial_state_unknown" time="0.001" /><testcase classname="tests.unit.test_heartbeat.TestHysteresis" name="test_single_success_stays_unknown" time="0.000" /><testcase classname="tests.unit.test_heartbeat.TestHysteresis" name="test_two_successes_to_online" time="0.000" /><testcase classname="tests.unit.test_heartbeat.TestHysteresis" name="test_single_failure_stays_unknown" time="0.000" /><testcase classname="tests.unit.test_heartbeat.TestHysteresis" name="test_two_failures_stay_unknown" time="0.000" /><testcase classname="tests.unit.test_heartbeat.TestHysteresis" name="test_three_failures_to_offline" time="0.001" /><testcase classname="tests.unit.test_heartbeat.TestHysteresis" name="test_success_after_failure_resets_failure_count" time="0.000" /><testcase classname="tests.unit.test_heartbeat.TestHysteresis" name="test_failure_after_success_resets_success_count" time="0.000" /><testcase classname="tests.unit.test_heartbeat.TestHysteresis" name="test_stays_online_with_one_failure" time="0.000" /><testcase classname="tests.unit.test_heartbeat.TestHysteresis" name="test_stays_offline_with_one_success" time="0.001" /><testcase classname="tests.unit.test_heartbeat.TestHysteresis" name="test_offline_to_online_transition" time="0.000" /><testcase classname="tests.unit.test_heartbeat.TestHysteresis" name="test_online_to_offline_transition" time="0.000" /><testcase classname="tests.unit.test_heartbeat.TestStateManagement" name="test_get_heartbeat_status_structure" time="0.000" /><testcase classname="tests.unit.test_heartbeat.TestStateManagement" name="test_reset_heartbeat_state" time="0.000" /><testcase classname="tests.unit.test_heartbeat.TestEdgeCases" name="test_many_successes_stays_online" time="0.000" /><testcase classname="tests.unit.test_heartbeat.TestEdgeCases" name="test_many_failures_stays_offline" time="0.001" /><testcase classname="tests.unit.test_hlc.TestHybridTimestamp" name="test_timestamp_creation" time="0.000" /><testcase classname="tests.unit.test_hlc.TestHybridTimestamp" name="test_timestamp_with_server_time" time="0.000" /><testcase classname="tests.unit.test_hlc.TestHybridTimestamp" name="test_comparison_by_local_time" time="0.001" /><testcase classname="tests.unit.test_hlc.TestHybridTimestamp" name="test_comparison_by_logical_counter" time="0.001" /><testcase classname="tests.unit.test_hlc.TestHybridTimestamp" name="test_comparison_by_server_time" time="0.000" /><testcase classname="tests.unit.test_hlc.TestGenerateHLC" name="test_hlc_generation" time="0.001" /><testcase classname="tests.unit.test_hlc.TestGenerateHLC" name="test_hlc_monotonic" time="0.002" /><testcase classname="tests.unit.test_hlc.TestGenerateHLC" name="test_hlc_same_second_increments_counter" time="0.001" /><testcase classname="tests.unit.test_hlc.TestGenerateHLC" name="test_hlc_different_second_resets_counter" time="1.101" /><testcase classname="tests.unit.test_hlc.TestGenerateHLC" name="test_hlc_multiple_generations" time="0.052" /><testcase classname="tests.unit.test_hlc.TestUpdateHLCOnReceive" name="test_receive_future_timestamp" time="0.001" /><testcase classname="tests.unit.test_hlc.TestUpdateHLCOnReceive" name="test_receive_past_timestamp" time="0.001" /><testcase classname="tests.unit.test_hlc.TestUpdateHLCOnReceive" name="test_receive_same_time_increments_counter" time="0.001" /><testcase classname="tests.unit.test_hlc.TestUpdateHLCOnReceive" name="test_receive_far_future_timestamp" time="0.101" /><testcase classname="tests.unit.test_hlc.TestHLCThreadSafety" name="test_concurrent_generation" time="0.003" /><testcase classname="tests.unit.test_hlc.TestHLCThreadSafety" name="test_no_duplicate_timestamps" time="0.002" /><testcase classname="tests.unit.test_hlc.TestHLCEdgeCases" name="test_hlc_str_representation" time="0.001" /><testcase classname="tests.unit.test_hlc.TestHLCEdgeCases" name="test_hlc_str_with_server_time" time="0.001" /><testcase classname="tests.unit.test_hlc.TestHLCEdgeCases" name="test_hlc_repr" time="0.001" /><testcase classname="tests.unit.test_hlc.TestHLCEdgeCases" name="test_hlc_equality" time="0.001" /><testcase classname="tests.unit.test_hlc.TestHLCEdgeCases" name="test_hlc_inequality" time="0.001" /><testcase classname="tests.unit.test_hlc.TestHLCEdgeCases" name="test_hlc_greater_than_or_equal" time="0.001" /><testcase classname="tests.unit.test_hlc.TestHLCEdgeCases" name="test_hlc_less_than_or_equal" time="0.001" /><testcase classname="tests.unit.test_hlc.TestHLCEdgeCases" name="test_hlc_equality_with_non_timestamp" time="0.001" /><testcase classname="tests.unit.test_hlc.TestAssignServerTime" name="test_assign_server_time" time="0.000" /><testcase classname="tests.unit.test_hlc.TestAssignServerTime" name="test_assign_server_time_changes_ordering" time="0.000" /><testcase classname="tests.unit.test_kkt_driver.TestPrintReceipt" name="test_print_receipt_success" time="0.402" /><testcase classname="tests.unit.test_kkt_driver.TestPrintReceipt" name="test_print_receipt_sequential_numbering" time="0.943" /><testcase classname="tests.unit.test_kkt_driver.TestPrintReceipt" name="test_print_receipt_delay" time="0.341" /><testcase classname="tests.unit.test_kkt_driver.TestPrintReceipt" name="test_print_receipt_qr_code_format" time="0.329" /><testcase classname="tests.unit.test_kkt_driver.TestPrintReceipt" name="test_print_receipt_multiple_items" time="0.222" /><testcase classname="tests.unit.test_kkt_driver.TestPrintReceipt" name="test_print_receipt_missing_fiscal_doc" time="0.001" /><testcase classname="tests.unit.test_kkt_driver.TestPrintReceipt" name="test_print_receipt_empty_items" time="0.001" /><testcase classname="tests.unit.test_kkt_driver.TestPrintReceipt" name="test_print_receipt_empty_payments" time="0.001" /><testcase classname="tests.unit.test_kkt_driver.TestPrintReceipt" name="test_print_receipt_fiscal_sign_uniqueness" time="0.590" /><testcase classname="tests.unit.test_kkt_driver.TestGetKKTStatus" name="test_get_kkt_status_structure" time="0.001" /><testcase classname="tests.unit.test_kkt_driver.TestGetKKTStatus" name="test_get_kkt_status_values" time="0.001" /><testcase classname="tests.unit.test_kkt_driver.TestGetKKTStatus" name="test_get_kkt_status_tracks_receipts" time="0.608" /><testcase classname="tests.unit.test_kkt_driver.TestGetShiftInfo" name="test_get_shift_info_structure" time="0.001" /><testcase classname="tests.unit.test_kkt_driver.TestGetShiftInfo" name="test_get_shift_info_values" time="0.001" /><testcase classname="tests.unit.test_kkt_driver.TestGetShiftInfo" name="test_get_shift_info_tracks_receipts" time="0.854" /><testcase classname="tests.unit.test_kkt_driver.TestThreadSafety" name="test_concurrent_printing" time="0.445" /><testcase classname="tests.unit.test_kkt_driver.TestThreadSafety" name="test_no_duplicate_fiscal_doc_numbers" time="2.288" /><testcase classname="tests.unit.test_kkt_driver.TestEdgeCases" name="test_print_receipt_with_none_data" time="0.001" /><testcase classname="tests.unit.test_kkt_driver.TestEdgeCases" name="test_print_receipt_with_empty_dict" time="0.001" /><testcase classname="tests.unit.test_kkt_driver.TestEdgeCases" name="test_reset_counter_functionality" time="1.374" /><testcase classname="tests.unit.test_mock_odoo_server.TestMockOdooServerBasic" name="test_server_creation" time="0.003" /><testcase classname="tests.unit.test_mock_odoo_server.TestMockOdooServerBasic" name="test_server_startup" time="1.047" /><testcase classname="tests.unit.test_mock_odoo_server.TestMockOdooServerBasic" name="test_server_shutdown" time="2.024" /><testcase classname="tests.unit.test_mock_odoo_server.TestMockOdooServerBasic" name="test_server_context_manager" time="2.570" /><testcase classname="tests.unit.test_mock_odoo_server.TestMockOdooServerBasic" name="test_server_double_start_raises" time="1.030" /><testcase classname="tests.unit.test_mock_odoo_server.TestHeartbeatEndpoint" name="test_heartbeat_success_mode" time="1.042" /><testcase classname="tests.unit.test_mock_odoo_server.TestHeartbeatEndpoint" name="test_heartbeat_permanent_failure" time="1.049" /><testcase classname="tests.unit.test_mock_odoo_server.TestHeartbeatEndpoint" name="test_heartbeat_temporary_failure" time="1.104" /><testcase classname="tests.unit.test_mock_odoo_server.TestHeartbeatEndpoint" name="test_heartbeat_stores_payload" time="1.029" /><testcase classname="tests.unit.test_mock_odoo_server.TestStateTracking" name="test_call_count_increments" time="1.108" /><testcase classname="tests.unit.test_mock_odoo_server.TestStateTracking" name="test_call_count_increments_on_failure" time="1.083" /><testcase classname="tests.unit.test_mock_odoo_server.TestStateTracking" name="test_received_heartbeats_only_on_success" time="1.078" /><testcase classname="tests.unit.test_mock_odoo_server.TestStateTracking" name="test_reset_clears_state" time="1.101" /><testcase classname="tests.unit.test_mock_odoo_server.TestFailureModes" name="test_set_success_clears_failures" time="1.040" /><testcase classname="tests.unit.test_mock_odoo_server.TestFailureModes" name="test_permanent_failure_overrides_count" time="1.106" /><testcase classname="tests.unit.test_mock_odoo_server.TestFailureModes" name="test_disable_permanent_failure" time="1.043" /><testcase classname="tests.unit.test_mock_odoo_server.TestThreadSafety" name="test_concurrent_heartbeats" time="1.043" /><testcase classname="tests.unit.test_mock_odoo_server.TestEdgeCases" name="test_empty_heartbeat_payload" time="1.042" /><testcase classname="tests.unit.test_mock_odoo_server.TestEdgeCases" name="test_large_heartbeat_payload" time="1.043" /><testcase classname="tests.unit.test_mock_ofd_server.TestMockOFDServerBasic" name="test_server_startup_shutdown" time="0.558" /><testcase classname="tests.unit.test_mock_ofd_server.TestMockOFDServerBasic" name="test_server_context_manager" time="0.561" /><testcase classname="tests.unit.test_mock_ofd_server.TestMockOFDServerBasic" name="test_receipt_success_mode" time="0.561" /><testcase classname="tests.unit.test_mock_ofd_server.TestMockOFDServerBasic" name="test_receipt_permanent_failure" time="0.543" /><testcase classname="tests.unit.test_mock_ofd_server.TestMockOFDServerBasic" name="test_receipt_temporary_failure" time="0.605" /><testcase classname="tests.unit.test_mock_ofd_server.TestMockOFDServerBasic" name="test_call_count_tracking" time="0.635" /><testcase classname="tests.unit.test_mock_ofd_server.TestMockOFDServerBasic" name="test_reset_functionality" time="0.547" /><testcase classname="tests.unit.test_mock_ofd_server.TestMockOFDServerBasic" name="test_multiple_receipts_tracking" time="0.591" /><testcase classname="tests.unit.test_sync_worker.TestProcessReceipt" name="test_process_receipt_success" time="0.105" /><testcase classname="tests.unit.test_sync_worker.TestProcessReceipt" name="test_process_receipt_ofd_error" time="0.108" /><testcase classname="tests.unit.test_sync_worker.TestProcessReceipt" name="test_process_receipt_circuit_breaker_open" time="0.507" /><testcase classname="tests.unit.test_sync_worker.TestProcessReceipt" name="test_process_receipt_max_retries_to_dlq" time="2.021" /><testcase classname="tests.unit.test_sync_worker.TestProcessReceipt" name="test_process_receipt_not_found" time="0.004" /><testcase classname="tests.unit.test_sync_worker.TestManualSync" name="test_manual_sync_empty_buffer" time="0.004" /><testcase classname="tests.unit.test_sync_worker.TestManualSync" name="test_manual_sync_success" time="0.306" /><testcase classname="tests.unit.test_sync_worker.TestWorkerLifecycle" name="test_get_worker_status_stopped" time="0.001" /><testcase classname="tests.unit.test_sync_worker.TestWorkerLifecycle" name="test_start_stop_worker" time="0.001" /><testcase classname="tests.unit.test_sync_worker.TestEdgeCases" name="test_process_already_synced_receipt" time="0.105" /><testcase classname="tests.unit.test_sync_worker.TestEdgeCases" name="test_sync_with_mixed_results" time="0.508" /><testcase classname="tests.unit.test_sync_worker.TestEdgeCases" name="test_sync_receipts_batch_limit" time="5.038" /><testcase classname="tests.unit.test_sync_worker_distributed_lock.TestExponentialBackoff" name="test_backoff_zero_failures" time="0.000" /><testcase classname="tests.unit.test_sync_worker_distributed_lock.TestExponentialBackoff" name="test_backoff_one_failure" time="0.000" /><testcase classname="tests.unit.test_sync_worker_distributed_lock.TestExponentialBackoff" name="test_backoff_two_failures" time="0.001" /><testcase classname="tests.unit.test_sync_worker_distributed_lock.TestExponentialBackoff" name="test_backoff_three_failures" time="0.000" /><testcase classname="tests.unit.test_sync_worker_distributed_lock.TestExponentialBackoff" name="test_backoff_four_failures" time="0.000" /><testcase classname="tests.unit.test_sync_worker_distributed_lock.TestExponentialBackoff" name="test_backoff_five_failures" time="0.000" /><testcase classname="tests.unit.test_sync_worker_distributed_lock.TestExponentialBackoff" name="test_backoff_six_failures_capped" time="0.000" /><testcase classname="tests.unit.test_sync_worker_distributed_lock.TestExponentialBackoff" name="test_backoff_large_failures_capped" time="0.000" /><testcase classname="tests.unit.test_sync_worker_distributed_lock.TestExponentialBackoff" name="test_backoff_negative_failures" time="0.001" /><testcase classname="tests.unit.test_sync_worker_distributed_lock.TestExponentialBackoff" name="test_backoff_sequence" time="0.000" /><testcase classname="tests.unit.test_sync_worker_distributed_lock.TestRedisClient" name="test_get_redis_client_returns_client_or_none" time="2.073" /><testcase classname="tests.unit.test_sync_worker_distributed_lock.TestRedisClient" name="test_reset_redis_client" time="4.113" /><testcase classname="tests.unit.test_sync_worker_distributed_lock.TestRedisClient" name="test_redis_client_singleton" time="4.117" /><testcase classname="tests.unit.test_sync_worker_distributed_lock.TestRedisClient" name="test_redis_client_ping_if_available" time="2.042" /><testcase classname="tests.unit.test_sync_worker_distributed_lock.TestEdgeCases" name="test_backoff_formula_correctness" time="0.001" /><testcase classname="tests.unit.test_sync_worker_distributed_lock.TestEdgeCases" name="test_backoff_never_exceeds_max" time="0.000" /><testcase classname="tests.unit.test_sync_worker_distributed_lock.TestEdgeCases" name="test_backoff_always_positive" time="0.001" /><testcase classname="tests.unit.pos_monitor.test_alerts" name="test_check_alerts_no_issues" time="0.017" /><testcase classname="tests.unit.pos_monitor.test_alerts" name="test_check_alerts_buffer_warning" time="0.012" /><testcase classname="tests.unit.pos_monitor.test_alerts" name="test_check_alerts_buffer_critical" time="0.014" /><testcase classname="tests.unit.pos_monitor.test_alerts" name="test_check_alerts_dlq_warning" time="0.012" /><testcase classname="tests.unit.pos_monitor.test_alerts" name="test_check_alerts_kkt_adapter_offline" time="0.034" /><testcase classname="tests.unit.pos_monitor.test_alerts" name="test_check_alerts_circuit_breaker_open" time="0.014" /><testcase classname="tests.unit.pos_monitor.test_alerts" name="test_get_kkt_status_online" time="0.001" /><testcase classname="tests.unit.pos_monitor.test_alerts" name="test_get_kkt_status_offline" time="0.001" /><testcase classname="tests.unit.pos_monitor.test_alerts" name="test_get_kkt_status_cb_open" time="0.001" /><testcase classname="tests.unit.pos_monitor.test_database" name="test_get_cash_balance_with_open_session" time="0.017" /><testcase classname="tests.unit.pos_monitor.test_database" name="test_get_cash_balance_no_open_session" time="0.012" /><testcase classname="tests.unit.pos_monitor.test_database" name="test_get_buffer_status" time="0.018" /><testcase classname="tests.unit.pos_monitor.test_database" name="test_get_buffer_status_empty" time="0.011" /><testcase classname="tests.unit.pos_monitor.test_database" name="test_get_sales_today" time="0.018" /><testcase classname="tests.unit.pos_monitor.test_database" name="test_get_sales_today_empty" time="0.014" /><testcase classname="tests.unit.pos_monitor.test_database" name="test_check_buffer_accessible" time="0.013" /><testcase classname="tests.unit.pos_monitor.test_database" name="test_check_buffer_accessible_missing_db" time="0.001" /><testcase classname="tests.unit.pos_monitor.test_database" name="test_get_buffer_percent_full_calculation" time="0.016" /><testcase classname="tests.unit.pos_monitor.test_database" name="test_read_only_mode" time="0.017" /></testsuite></testsuites>