<?xml version="1.0" encoding="utf-8"?><testsuites><testsuite name="pytest" errors="1" failures="0" skipped="0" tests="1" time="0.239" timestamp="2025-11-28T02:01:25.282113" hostname="bozzyk44-pc"><testcase classname="" name="tests.unit.test_prescription" time="0.000"><error message="collection failure">ImportError while importing test module 'D:\OpticsERP\tests\unit\test_prescription.py'.
Hint: make sure your test modules/packages have valid Python names.
Traceback:
C:\Users\bozzy\AppData\Local\Programs\Python\Python311\Lib\site-packages\_pytest\python.py:617: in _importtestmodule
    mod = import_path(self.path, mode=importmode, root=self.config.rootpath)
C:\Users\bozzy\AppData\Local\Programs\Python\Python311\Lib\site-packages\_pytest\pathlib.py:567: in import_path
    importlib.import_module(module_name)
C:\Users\bozzy\AppData\Local\Programs\Python\Python311\Lib\importlib\__init__.py:126: in import_module
    return _bootstrap._gcd_import(name[level:], package, level)
&lt;frozen importlib._bootstrap&gt;:1204: in _gcd_import
    ???
&lt;frozen importlib._bootstrap&gt;:1176: in _find_and_load
    ???
&lt;frozen importlib._bootstrap&gt;:1147: in _find_and_load_unlocked
    ???
&lt;frozen importlib._bootstrap&gt;:690: in _load_unlocked
    ???
C:\Users\bozzy\AppData\Local\Programs\Python\Python311\Lib\site-packages\_pytest\assertion\rewrite.py:186: in exec_module
    exec(co, module.__dict__)
tests\unit\test_prescription.py:21: in &lt;module&gt;
    from odoo.tests.common import TransactionCase
E   ModuleNotFoundError: No module named 'odoo'</error></testcase></testsuite></testsuites>